e:\sem3_ga\c++\ea_work\deep_suicide_c++_ea\deep_suicide\debug\vc140.pdb
e:\sem3_ga\c++\ea_work\deep_suicide_c++_ea\deep_suicide\debug\vc140.idb
e:\sem3_ga\c++\ea_work\deep_suicide_c++_ea\deep_suicide\debug\customimage.obj
e:\sem3_ga\c++\ea_work\deep_suicide_c++_ea\deep_suicide\debug\enemy.obj
e:\sem3_ga\c++\ea_work\deep_suicide_c++_ea\deep_suicide\debug\fence.obj
e:\sem3_ga\c++\ea_work\deep_suicide_c++_ea\deep_suicide\debug\floor.obj
e:\sem3_ga\c++\ea_work\deep_suicide_c++_ea\deep_suicide\debug\gamesceneui.obj
e:\sem3_ga\c++\ea_work\deep_suicide_c++_ea\deep_suicide\debug\item_pickup.obj
e:\sem3_ga\c++\ea_work\deep_suicide_c++_ea\deep_suicide\debug\main.obj
e:\sem3_ga\c++\ea_work\deep_suicide_c++_ea\deep_suicide\debug\menubutton.obj
e:\sem3_ga\c++\ea_work\deep_suicide_c++_ea\deep_suicide\debug\player.obj
e:\sem3_ga\c++\ea_work\deep_suicide_c++_ea\deep_suicide\debug\playerbullet.obj
e:\sem3_ga\c++\ea_work\deep_suicide_c++_ea\debug\deep_suicide.ilk
e:\sem3_ga\c++\ea_work\deep_suicide_c++_ea\debug\deep_suicide.exe
e:\sem3_ga\c++\ea_work\deep_suicide_c++_ea\debug\deep_suicide.pdb
e:\sem3_ga\c++\ea_work\deep_suicide_c++_ea\deep_suicide\debug\deep_suicide.tlog\cl.command.1.tlog
e:\sem3_ga\c++\ea_work\deep_suicide_c++_ea\deep_suicide\debug\deep_suicide.tlog\cl.read.1.tlog
e:\sem3_ga\c++\ea_work\deep_suicide_c++_ea\deep_suicide\debug\deep_suicide.tlog\cl.write.1.tlog
e:\sem3_ga\c++\ea_work\deep_suicide_c++_ea\deep_suicide\debug\deep_suicide.tlog\link.command.1.tlog
e:\sem3_ga\c++\ea_work\deep_suicide_c++_ea\deep_suicide\debug\deep_suicide.tlog\link.read.1.tlog
e:\sem3_ga\c++\ea_work\deep_suicide_c++_ea\deep_suicide\debug\deep_suicide.tlog\link.write.1.tlog
