  main.cpp
c:\users\ccm\ea_work\deep_suicide_c++_ea\deep_suicide\main.cpp(73): warning C4305: 'argument': truncation from 'double' to 'GLfloat'
c:\users\ccm\ea_work\deep_suicide_c++_ea\deep_suicide\main.cpp(74): warning C4305: 'argument': truncation from 'double' to 'GLfloat'
c:\users\ccm\ea_work\deep_suicide_c++_ea\deep_suicide\main.cpp(75): warning C4305: 'argument': truncation from 'double' to 'GLfloat'
c:\users\ccm\ea_work\deep_suicide_c++_ea\deep_suicide\main.cpp(76): warning C4305: 'argument': truncation from 'double' to 'GLfloat'
c:\users\ccm\ea_work\deep_suicide_c++_ea\deep_suicide\main.cpp(80): warning C4305: 'argument': truncation from 'double' to 'GLfloat'
c:\users\ccm\ea_work\deep_suicide_c++_ea\deep_suicide\main.cpp(81): warning C4305: 'argument': truncation from 'double' to 'GLfloat'
c:\users\ccm\ea_work\deep_suicide_c++_ea\deep_suicide\main.cpp(82): warning C4305: 'argument': truncation from 'double' to 'GLfloat'
c:\users\ccm\ea_work\deep_suicide_c++_ea\deep_suicide\main.cpp(83): warning C4305: 'argument': truncation from 'double' to 'GLfloat'
c:\users\ccm\ea_work\deep_suicide_c++_ea\deep_suicide\main.cpp(88): warning C4305: 'argument': truncation from 'double' to 'GLfloat'
c:\users\ccm\ea_work\deep_suicide_c++_ea\deep_suicide\main.cpp(89): warning C4305: 'argument': truncation from 'double' to 'GLfloat'
c:\users\ccm\ea_work\deep_suicide_c++_ea\deep_suicide\main.cpp(90): warning C4305: 'argument': truncation from 'double' to 'GLfloat'
c:\users\ccm\ea_work\deep_suicide_c++_ea\deep_suicide\main.cpp(91): warning C4305: 'argument': truncation from 'double' to 'GLfloat'
c:\users\ccm\ea_work\deep_suicide_c++_ea\deep_suicide\main.cpp(92): warning C4305: 'argument': truncation from 'double' to 'GLfloat'
c:\users\ccm\ea_work\deep_suicide_c++_ea\deep_suicide\main.cpp(105): warning C4305: 'argument': truncation from 'double' to 'GLfloat'
c:\users\ccm\ea_work\deep_suicide_c++_ea\deep_suicide\main.cpp(106): warning C4305: 'argument': truncation from 'double' to 'GLfloat'
c:\users\ccm\ea_work\deep_suicide_c++_ea\deep_suicide\main.cpp(107): warning C4305: 'argument': truncation from 'double' to 'GLfloat'
c:\users\ccm\ea_work\deep_suicide_c++_ea\deep_suicide\main.cpp(108): warning C4305: 'argument': truncation from 'double' to 'GLfloat'
c:\users\ccm\ea_work\deep_suicide_c++_ea\deep_suicide\main.cpp(109): warning C4305: 'argument': truncation from 'double' to 'GLfloat'
c:\users\ccm\ea_work\deep_suicide_c++_ea\deep_suicide\main.cpp(113): warning C4305: 'argument': truncation from 'double' to 'GLfloat'
c:\users\ccm\ea_work\deep_suicide_c++_ea\deep_suicide\main.cpp(120): warning C4305: 'argument': truncation from 'double' to 'GLfloat'
c:\users\ccm\ea_work\deep_suicide_c++_ea\deep_suicide\main.cpp(121): warning C4305: 'argument': truncation from 'double' to 'GLfloat'
c:\users\ccm\ea_work\deep_suicide_c++_ea\deep_suicide\main.cpp(122): warning C4305: 'argument': truncation from 'double' to 'GLfloat'
c:\users\ccm\ea_work\deep_suicide_c++_ea\deep_suicide\main.cpp(123): warning C4305: 'argument': truncation from 'double' to 'GLfloat'
c:\users\ccm\ea_work\deep_suicide_c++_ea\deep_suicide\main.cpp(304): warning C4244: 'argument': conversion from 'float' to 'int', possible loss of data
c:\users\ccm\ea_work\deep_suicide_c++_ea\deep_suicide\main.cpp(308): warning C4244: 'argument': conversion from 'int' to 'float', possible loss of data
c:\users\ccm\ea_work\deep_suicide_c++_ea\deep_suicide\main.cpp(331): warning C4305: '=': truncation from 'double' to 'float'
c:\users\ccm\ea_work\deep_suicide_c++_ea\deep_suicide\main.cpp(336): warning C4305: '=': truncation from 'double' to 'float'
  DEEP_SUICIDE.vcxproj -> C:\Users\CCM\ea_work\DEEP_SUICIDE_C++_EA\Debug\DEEP_SUICIDE.exe
