D:\ST201617\ACPPGP\LAB\LAB05\TOSTUDENTS\LAB05\LAB05\DEBUG\LAB05.OBJ
D:\ST201617\ACPPGP\LAB\LAB05\TOSTUDENTS\LAB05\LAB05\DEBUG\VC110.PDB
D:\ST201617\ACPPGP\LAB\LAB05\TOSTUDENTS\LAB05\DEBUG\LAB05.ILK
D:\ST201617\ACPPGP\LAB\LAB05\TOSTUDENTS\LAB05\DEBUG\LAB05.EXE
D:\ST201617\ACPPGP\LAB\LAB05\TOSTUDENTS\LAB05\DEBUG\LAB05.PDB
D:\ST201617\ACPPGP\Lab\Lab05\ToStudents\Lab05\Lab05\Debug\Lab05.obj
D:\ST201617\ACPPGP\Lab\Lab05\ToStudents\Lab05\Lab05\Debug\cl.command.1.tlog
D:\ST201617\ACPPGP\Lab\Lab05\ToStudents\Lab05\Lab05\Debug\CL.read.1.tlog
D:\ST201617\ACPPGP\Lab\Lab05\ToStudents\Lab05\Lab05\Debug\CL.write.1.tlog
D:\ST201617\ACPPGP\Lab\Lab05\ToStudents\Lab05\Lab05\Debug\link-cvtres.read.1.tlog
D:\ST201617\ACPPGP\Lab\Lab05\ToStudents\Lab05\Lab05\Debug\link-cvtres.write.1.tlog
D:\ST201617\ACPPGP\Lab\Lab05\ToStudents\Lab05\Lab05\Debug\link-rc.read.1.tlog
D:\ST201617\ACPPGP\Lab\Lab05\ToStudents\Lab05\Lab05\Debug\link-rc.write.1.tlog
D:\ST201617\ACPPGP\Lab\Lab05\ToStudents\Lab05\Lab05\Debug\link.command.1.tlog
D:\ST201617\ACPPGP\Lab\Lab05\ToStudents\Lab05\Lab05\Debug\link.read.1.tlog
D:\ST201617\ACPPGP\Lab\Lab05\ToStudents\Lab05\Lab05\Debug\link.write.1.tlog
D:\ST201617\ACPPGP\Lab\Lab05\ToStudents\Lab05\Lab05\Debug\vc110.idb
D:\ST201617\ACPPGP\Lab\Lab05\ToStudents\Lab05\Lab05\Debug\vc110.pdb
D:\ST201617\ACPPGP\Lab\Lab05\ToStudents\Lab05\Debug\Lab05.pdb
D:\ST201617\ACPPGP\Lab\Lab05\ToStudents\Lab05\Debug\Lab05.exe
D:\ST201617\ACPPGP\Lab\Lab05\ToStudents\Lab05\Debug\Lab05.ilk
